<?xml version="1.0" encoding="UTF-8"?>
<testsuite xmlns:xsi="http://www.w3.org/2001/XMLSchema-instance" xsi:noNamespaceSchemaLocation="https://maven.apache.org/surefire/maven-surefire-plugin/xsd/surefire-test-report.xsd" name="com.attendance.system.CloudThatAttendenceSystemApplicationTests" time="0.726" tests="1" errors="1" skipped="0" failures="0">
  <properties>
[...]
</properties>
  <testcase name="contextLoads" classname="com.attendance.system.CloudThatAttendenceSystemApplicationTests" time="0.014">
    <error message="Unresolved compilation problems: &#10;	The type java.lang.Object cannot be resolved. It is indirectly referenced from required .class files&#10;	The type java.lang.String cannot be resolved. It is indirectly referenced from required .class files&#10;	The type java.lang.Class cannot be resolved. It is indirectly referenced from required .class files&#10;	Implicit super constructor Object() is undefined for default constructor. Must define an explicit constructor&#10;" type="java.lang.Error"><![CDATA[java.lang.Error: 
Unresolved compilation problems: 
	The type java.lang.Object cannot be resolved. It is indirectly referenced from required .class files
	The type java.lang.String cannot be resolved. It is indirectly referenced from required .class files
	The type java.lang.Class cannot be resolved. It is indirectly referenced from required .class files
	Implicit super constructor Object() is undefined for default constructor. Must define an explicit constructor

	at com.attendance.system.CloudThatAttendenceSystemApplicationTests.<init>(CloudThatAttendenceSystemApplicationTests.java:1)
]]></error>
    <system-out><![CDATA[13:22:57.936 [main] DEBUG org.springframework.test.context.BootstrapUtils - Instantiating CacheAwareContextLoaderDelegate from class [org.springframework.test.context.cache.DefaultCacheAwareContextLoaderDelegate]
13:22:57.959 [main] DEBUG org.springframework.test.context.BootstrapUtils - Instantiating BootstrapContext using constructor [public org.springframework.test.context.support.DefaultBootstrapContext(java.lang.Class,org.springframework.test.context.CacheAwareContextLoaderDelegate)]
13:22:58.014 [main] DEBUG org.springframework.test.context.BootstrapUtils - Instantiating TestContextBootstrapper for test class [com.attendance.system.CloudThatAttendenceSystemApplicationTests] from class [org.springframework.boot.test.context.SpringBootTestContextBootstrapper]
13:22:58.037 [main] INFO org.springframework.boot.test.context.SpringBootTestContextBootstrapper - Neither @ContextConfiguration nor @ContextHierarchy found for test class [com.attendance.system.CloudThatAttendenceSystemApplicationTests], using SpringBootContextLoader
13:22:58.043 [main] DEBUG org.springframework.test.context.support.AbstractContextLoader - Did not detect default resource location for test class [com.attendance.system.CloudThatAttendenceSystemApplicationTests]: class path resource [com/attendance/system/CloudThatAttendenceSystemApplicationTests-context.xml] does not exist
13:22:58.044 [main] DEBUG org.springframework.test.context.support.AbstractContextLoader - Did not detect default resource location for test class [com.attendance.system.CloudThatAttendenceSystemApplicationTests]: class path resource [com/attendance/system/CloudThatAttendenceSystemApplicationTestsContext.groovy] does not exist
13:22:58.044 [main] INFO org.springframework.test.context.support.AbstractContextLoader - Could not detect default resource locations for test class [com.attendance.system.CloudThatAttendenceSystemApplicationTests]: no resource found for suffixes {-context.xml, Context.groovy}.
13:22:58.045 [main] INFO org.springframework.test.context.support.AnnotationConfigContextLoaderUtils - Could not detect default configuration classes for test class [com.attendance.system.CloudThatAttendenceSystemApplicationTests]: CloudThatAttendenceSystemApplicationTests does not declare any static, non-private, non-final, nested classes annotated with @Configuration.
13:22:58.107 [main] DEBUG org.springframework.test.context.support.ActiveProfilesUtils - Could not find an 'annotation declaring class' for annotation type [org.springframework.test.context.ActiveProfiles] and class [com.attendance.system.CloudThatAttendenceSystemApplicationTests]
13:22:58.222 [main] DEBUG org.springframework.context.annotation.ClassPathScanningCandidateComponentProvider - Identified candidate component class: file [C:\Users\ACER\Desktop\kworkspace\CloudThatAttendenceSystem\target\classes\com\attendance\system\CloudThatAttendenceSystemApplication.class]
13:22:58.227 [main] INFO org.springframework.boot.test.context.SpringBootTestContextBootstrapper - Found @SpringBootConfiguration com.attendance.system.CloudThatAttendenceSystemApplication for test class com.attendance.system.CloudThatAttendenceSystemApplicationTests
13:22:58.496 [main] DEBUG org.springframework.boot.test.context.SpringBootTestContextBootstrapper - @TestExecutionListeners is not present for class [com.attendance.system.CloudThatAttendenceSystemApplicationTests]: using defaults.
13:22:58.497 [main] INFO org.springframework.boot.test.context.SpringBootTestContextBootstrapper - Loaded default TestExecutionListener class names from location [META-INF/spring.factories]: [org.springframework.boot.test.mock.mockito.MockitoTestExecutionListener, org.springframework.boot.test.mock.mockito.ResetMocksTestExecutionListener, org.springframework.boot.test.autoconfigure.restdocs.RestDocsTestExecutionListener, org.springframework.boot.test.autoconfigure.web.client.MockRestServiceServerResetTestExecutionListener, org.springframework.boot.test.autoconfigure.web.servlet.MockMvcPrintOnlyOnFailureTestExecutionListener, org.springframework.boot.test.autoconfigure.web.servlet.WebDriverTestExecutionListener, org.springframework.test.context.web.ServletTestExecutionListener, org.springframework.test.context.support.DirtiesContextBeforeModesTestExecutionListener, org.springframework.test.context.support.DependencyInjectionTestExecutionListener, org.springframework.test.context.support.DirtiesContextTestExecutionListener, org.springframework.test.context.transaction.TransactionalTestExecutionListener, org.springframework.test.context.jdbc.SqlScriptsTestExecutionListener, org.springframework.test.context.event.EventPublishingTestExecutionListener, org.springframework.security.test.context.support.WithSecurityContextTestExecutionListener, org.springframework.security.test.context.support.ReactorContextTestExecutionListener]
13:22:58.525 [main] INFO org.springframework.boot.test.context.SpringBootTestContextBootstrapper - Using TestExecutionListeners: [org.springframework.test.context.web.ServletTestExecutionListener@3e27aa33, org.springframework.test.context.support.DirtiesContextBeforeModesTestExecutionListener@2e385cce, org.springframework.boot.test.mock.mockito.MockitoTestExecutionListener@2ddc9a9f, org.springframework.boot.test.autoconfigure.SpringBootDependencyInjectionTestExecutionListener@298a5e20, org.springframework.test.context.support.DirtiesContextTestExecutionListener@2a7f1f10, org.springframework.test.context.transaction.TransactionalTestExecutionListener@46cdf8bd, org.springframework.test.context.jdbc.SqlScriptsTestExecutionListener@f0c8a99, org.springframework.test.context.event.EventPublishingTestExecutionListener@740cae06, org.springframework.security.test.context.support.WithSecurityContextTestExecutionListener@26d9b808, org.springframework.security.test.context.support.ReactorContextTestExecutionListener@f78a47e, org.springframework.boot.test.mock.mockito.ResetMocksTestExecutionListener@644baf4a, org.springframework.boot.test.autoconfigure.restdocs.RestDocsTestExecutionListener@7526515b, org.springframework.boot.test.autoconfigure.web.client.MockRestServiceServerResetTestExecutionListener@1ed4ae0f, org.springframework.boot.test.autoconfigure.web.servlet.MockMvcPrintOnlyOnFailureTestExecutionListener@54c5a2ff, org.springframework.boot.test.autoconfigure.web.servlet.WebDriverTestExecutionListener@6d4d66d2]
13:22:58.530 [main] DEBUG org.springframework.test.context.support.AbstractDirtiesContextTestExecutionListener - Before test class: context [DefaultTestContext@470734c3 testClass = CloudThatAttendenceSystemApplicationTests, testInstance = [null], testMethod = [null], testException = [null], mergedContextConfiguration = [WebMergedContextConfiguration@2cf3d63b testClass = CloudThatAttendenceSystemApplicationTests, locations = '{}', classes = '{class com.attendance.system.CloudThatAttendenceSystemApplication}', contextInitializerClasses = '[]', activeProfiles = '{}', propertySourceLocations = '{}', propertySourceProperties = '{org.springframework.boot.test.context.SpringBootTestContextBootstrapper=true}', contextCustomizers = set[org.springframework.boot.test.context.filter.ExcludeFilterContextCustomizer@2c767a52, org.springframework.boot.test.json.DuplicateJsonObjectContextCustomizerFactory$DuplicateJsonObjectContextCustomizer@68999068, org.springframework.boot.test.mock.mockito.MockitoContextCustomizer@0, org.springframework.boot.test.web.client.TestRestTemplateContextCustomizer@40ef3420, org.springframework.boot.test.autoconfigure.properties.PropertyMappingContextCustomizer@0, org.springframework.boot.test.autoconfigure.web.servlet.WebDriverContextCustomizerFactory$Customizer@7c729a55], resourceBasePath = 'src/main/webapp', contextLoader = 'org.springframework.boot.test.context.SpringBootContextLoader', parent = [null]], attributes = map['org.springframework.test.context.web.ServletTestExecutionListener.activateListener' -> true]], class annotated with @DirtiesContext [false] with mode [null].
]]></system-out>
  </testcase>
</testsuite>